This is pdfTeX, Version 3.14159265-2.6-1.40.18 (TeX Live 2017/Debian) (preloaded format=pdflatex 2019.3.3)  4 SEP 2021 16:31
entering extended mode
 restricted \write18 enabled.
 %&-line parsing enabled.
**report.tex
(./report.tex
LaTeX2e <2017-04-15>
Babel <3.18> and hyphenation patterns for 84 language(s) loaded.
(/usr/share/texlive/texmf-dist/tex/latex/base/article.cls
Document Class: article 2014/09/29 v1.4h Standard LaTeX document class
(/usr/share/texlive/texmf-dist/tex/latex/base/size12.clo
File: size12.clo 2014/09/29 v1.4h Standard LaTeX file (size option)
)
\c@part=\count79
\c@section=\count80
\c@subsection=\count81
\c@subsubsection=\count82
\c@paragraph=\count83
\c@subparagraph=\count84
\c@figure=\count85
\c@table=\count86
\abovecaptionskip=\skip41
\belowcaptionskip=\skip42
\bibindent=\dimen102
) (/usr/share/texlive/texmf-dist/tex/latex/base/inputenc.sty
Package: inputenc 2015/03/17 v1.2c Input encoding file
\inpenc@prehook=\toks14
\inpenc@posthook=\toks15
(/usr/share/texlive/texmf-dist/tex/latex/ucs/utf8x.def
File: utf8x.def 2004/10/17 UCS: Input encoding UTF-8
)) (/usr/share/texlive/texmf-dist/tex/latex/ucs/ucs.sty
Package: ucs 2013/05/11 v2.2 UCS: Unicode input support
(/usr/share/texlive/texmf-dist/tex/latex/ucs/data/uni-global.def
File: uni-global.def 2013/05/13 UCS: Unicode global data
)
\uc@secondtry=\count87
\uc@combtoks=\toks16
\uc@combtoksb=\toks17
\uc@temptokena=\toks18
) (/usr/share/texlive/texmf-dist/tex/generic/babel/babel.sty
Package: babel 2018/02/14 3.18 The Babel package
(/usr/share/texlive/texmf-dist/tex/generic/babel/switch.def
File: switch.def 2018/02/14 3.18 Babel switching mechanism
) (/usr/share/texlive/texmf-dist/tex/generic/babel-greek/greek.ldf
Language: greek 2016/09/07 v1.9g Greek support for the babel system
(/usr/share/texlive/texmf-dist/tex/generic/babel/babel.def
File: babel.def 2018/02/14 3.18 Babel common definitions
\babel@savecnt=\count88
\U@D=\dimen103
(/usr/share/texlive/texmf-dist/tex/generic/babel/txtbabel.def)
\bbl@dirlevel=\count89
)
\bbl@monogreek=\count90
\bbl@polygreek=\count91
\bbl@ancientgreek=\count92
(/usr/share/texlive/texmf-dist/tex/latex/greek-fontenc/lgrenc.def
File: lgrenc.def 2015/12/07 v0.13.1 LGR Greek font encoding definitions
(/usr/share/texlive/texmf-dist/tex/latex/greek-fontenc/greek-fontenc.def
File: greek-fontenc.def 2015/08/04 v0.13 Common Greek font encoding definitions

))
LaTeX Info: Composite with undeclared \< in encoding LGR on input line 418.
LaTeX Info: Composite with undeclared \> in encoding LGR on input line 418.
) (/usr/share/texlive/texmf-dist/tex/generic/babel-english/english.ldf
Language: english 2017/06/06 v3.3r English support from the babel system
\l@canadian = a dialect from \language\l@american 
\l@australian = a dialect from \language\l@british 
\l@newzealand = a dialect from \language\l@british 
)) (/usr/share/texlive/texmf-dist/tex/latex/caption/caption.sty
Package: caption 2016/02/21 v3.3-144 Customizing captions (AR)
(/usr/share/texlive/texmf-dist/tex/latex/caption/caption3.sty
Package: caption3 2016/05/22 v1.7-166 caption3 kernel (AR)
Package caption3 Info: TeX engine: e-TeX on input line 67.
(/usr/share/texlive/texmf-dist/tex/latex/graphics/keyval.sty
Package: keyval 2014/10/28 v1.15 key=value parser (DPC)
\KV@toks@=\toks19
)
\captionmargin=\dimen104
\captionmargin@=\dimen105
\captionwidth=\dimen106
\caption@tempdima=\dimen107
\caption@indent=\dimen108
\caption@parindent=\dimen109
\caption@hangindent=\dimen110
)
\c@ContinuedFloat=\count93
) (/usr/share/texlive/texmf-dist/tex/latex/placeins/placeins.sty
Package: placeins 2005/04/18  v 2.2
) (/usr/share/texlive/texmf-dist/tex/latex/preprint/balance.sty
Package: balance 1999/02/23 4.3 (PWD)
\oldvsize=\dimen111
) (/usr/share/texlive/texmf-dist/tex/latex/dblfloatfix/dblfloatfix.sty
Package: dblfloatfix 2012/12/31 v1.0a (JAW)
(/usr/share/texlive/texmf-dist/tex/latex/base/fixltx2e.sty
Package: fixltx2e 2016/12/29 v2.1a fixes to LaTeX (obsolete)
Applying: [2015/01/01] Old fixltx2e package on input line 46.

Package fixltx2e Warning: fixltx2e is not required with releases after 2015
(fixltx2e)                All fixes are now in the LaTeX kernel.
(fixltx2e)                See the latexrelease package for details.

Already applied: [0000/00/00] Old fixltx2e package on input line 53.
)
\@dblbotnum=\count94
\c@dblbotnumber=\count95
) (/usr/share/texlive/texmf-dist/tex/latex/hyperref/hyperref.sty
Package: hyperref 2018/02/06 v6.86b Hypertext links for LaTeX
(/usr/share/texlive/texmf-dist/tex/generic/oberdiek/hobsub-hyperref.sty
Package: hobsub-hyperref 2016/05/16 v1.14 Bundle oberdiek, subset hyperref (HO)

(/usr/share/texlive/texmf-dist/tex/generic/oberdiek/hobsub-generic.sty
Package: hobsub-generic 2016/05/16 v1.14 Bundle oberdiek, subset generic (HO)
Package: hobsub 2016/05/16 v1.14 Construct package bundles (HO)
Package: infwarerr 2016/05/16 v1.4 Providing info/warning/error messages (HO)
Package: ltxcmds 2016/05/16 v1.23 LaTeX kernel commands for general use (HO)
Package: ifluatex 2016/05/16 v1.4 Provides the ifluatex switch (HO)
Package ifluatex Info: LuaTeX not detected.
Package: ifvtex 2016/05/16 v1.6 Detect VTeX and its facilities (HO)
Package ifvtex Info: VTeX not detected.
Package: intcalc 2016/05/16 v1.2 Expandable calculations with integers (HO)
Package: ifpdf 2017/03/15 v3.2 Provides the ifpdf switch
Package: etexcmds 2016/05/16 v1.6 Avoid name clashes with e-TeX commands (HO)
Package etexcmds Info: Could not find \expanded.
(etexcmds)             That can mean that you are not using pdfTeX 1.50 or
(etexcmds)             that some package has redefined \expanded.
(etexcmds)             In the latter case, load this package earlier.
Package: kvsetkeys 2016/05/16 v1.17 Key value parser (HO)
Package: kvdefinekeys 2016/05/16 v1.4 Define keys (HO)
Package: pdftexcmds 2018/01/21 v0.26 Utility functions of pdfTeX for LuaTeX (HO
)
Package pdftexcmds Info: LuaTeX not detected.
Package pdftexcmds Info: \pdf@primitive is available.
Package pdftexcmds Info: \pdf@ifprimitive is available.
Package pdftexcmds Info: \pdfdraftmode found.
Package: pdfescape 2016/05/16 v1.14 Implements pdfTeX's escape features (HO)
Package: bigintcalc 2016/05/16 v1.4 Expandable calculations on big integers (HO
)
Package: bitset 2016/05/16 v1.2 Handle bit-vector datatype (HO)
Package: uniquecounter 2016/05/16 v1.3 Provide unlimited unique counter (HO)
)
Package hobsub Info: Skipping package `hobsub' (already loaded).
Package: letltxmacro 2016/05/16 v1.5 Let assignment for LaTeX macros (HO)
Package: hopatch 2016/05/16 v1.3 Wrapper for package hooks (HO)
Package: xcolor-patch 2016/05/16 xcolor patch
Package: atveryend 2016/05/16 v1.9 Hooks at the very end of document (HO)
Package atveryend Info: \enddocument detected (standard20110627).
Package: atbegshi 2016/06/09 v1.18 At begin shipout hook (HO)
Package: refcount 2016/05/16 v3.5 Data extraction from label references (HO)
Package: hycolor 2016/05/16 v1.8 Color options for hyperref/bookmark (HO)
) (/usr/share/texlive/texmf-dist/tex/generic/ifxetex/ifxetex.sty
Package: ifxetex 2010/09/12 v0.6 Provides ifxetex conditional
) (/usr/share/texlive/texmf-dist/tex/latex/oberdiek/auxhook.sty
Package: auxhook 2016/05/16 v1.4 Hooks for auxiliary files (HO)
) (/usr/share/texlive/texmf-dist/tex/latex/oberdiek/kvoptions.sty
Package: kvoptions 2016/05/16 v3.12 Key value format for package options (HO)
)
\@linkdim=\dimen112
\Hy@linkcounter=\count96
\Hy@pagecounter=\count97
(/usr/share/texlive/texmf-dist/tex/latex/hyperref/pd1enc.def
File: pd1enc.def 2018/02/06 v6.86b Hyperref: PDFDocEncoding definition (HO)
)
\Hy@SavedSpaceFactor=\count98
(/usr/share/texlive/texmf-dist/tex/latex/latexconfig/hyperref.cfg
File: hyperref.cfg 2002/06/06 v1.2 hyperref configuration of TeXLive
)
Package hyperref Info: Hyper figures OFF on input line 4509.
Package hyperref Info: Link nesting OFF on input line 4514.
Package hyperref Info: Hyper index ON on input line 4517.
Package hyperref Info: Plain pages OFF on input line 4524.
Package hyperref Info: Backreferencing OFF on input line 4529.
Package hyperref Info: Implicit mode ON; LaTeX internals redefined.
Package hyperref Info: Bookmarks ON on input line 4762.
\c@Hy@tempcnt=\count99
(/usr/share/texlive/texmf-dist/tex/latex/url/url.sty
\Urlmuskip=\muskip10
Package: url 2013/09/16  ver 3.4  Verb mode for urls, etc.
)
LaTeX Info: Redefining \url on input line 5115.
\XeTeXLinkMargin=\dimen113
\Fld@menulength=\count100
\Field@Width=\dimen114
\Fld@charsize=\dimen115
Package hyperref Info: Hyper figures OFF on input line 6369.
Package hyperref Info: Link nesting OFF on input line 6374.
Package hyperref Info: Hyper index ON on input line 6377.
Package hyperref Info: backreferencing OFF on input line 6384.
Package hyperref Info: Link coloring OFF on input line 6389.
Package hyperref Info: Link coloring with OCG OFF on input line 6394.
Package hyperref Info: PDF/A mode OFF on input line 6399.
LaTeX Info: Redefining \ref on input line 6439.
LaTeX Info: Redefining \pageref on input line 6443.
\Hy@abspage=\count101
\c@Item=\count102
\c@Hfootnote=\count103
)
Package hyperref Info: Driver (autodetected): hpdftex.
(/usr/share/texlive/texmf-dist/tex/latex/hyperref/hpdftex.def
File: hpdftex.def 2018/02/06 v6.86b Hyperref driver for pdfTeX
\Fld@listcount=\count104
\c@bookmark@seq@number=\count105
(/usr/share/texlive/texmf-dist/tex/latex/oberdiek/rerunfilecheck.sty
Package: rerunfilecheck 2016/05/16 v1.8 Rerun checks for auxiliary files (HO)
Package uniquecounter Info: New unique counter `rerunfilecheck' on input line 2
82.
)
\Hy@SectionHShift=\skip43
) (/usr/share/texlive/texmf-dist/tex/latex/graphics/color.sty
Package: color 2016/07/10 v1.1e Standard LaTeX Color (DPC)
(/usr/share/texlive/texmf-dist/tex/latex/graphics-cfg/color.cfg
File: color.cfg 2016/01/02 v1.6 sample color configuration
)
Package color Info: Driver file: pdftex.def on input line 147.
(/usr/share/texlive/texmf-dist/tex/latex/graphics-def/pdftex.def
File: pdftex.def 2018/01/08 v1.0l Graphics/color driver for pdftex
)) (/usr/share/texlive/texmf-dist/tex/latex/graphics/graphicx.sty
Package: graphicx 2017/06/01 v1.1a Enhanced LaTeX Graphics (DPC,SPQR)
(/usr/share/texlive/texmf-dist/tex/latex/graphics/graphics.sty
Package: graphics 2017/06/25 v1.2c Standard LaTeX Graphics (DPC,SPQR)
(/usr/share/texlive/texmf-dist/tex/latex/graphics/trig.sty
Package: trig 2016/01/03 v1.10 sin cos tan (DPC)
) (/usr/share/texlive/texmf-dist/tex/latex/graphics-cfg/graphics.cfg
File: graphics.cfg 2016/06/04 v1.11 sample graphics configuration
)
Package graphics Info: Driver file: pdftex.def on input line 99.
)
\Gin@req@height=\dimen116
\Gin@req@width=\dimen117
) (/usr/share/texlive/texmf-dist/tex/latex/float/float.sty
Package: float 2001/11/08 v1.3d Float enhancements (AL)
\c@float@type=\count106
\float@exts=\toks20
\float@box=\box26
\@float@everytoks=\toks21
\@floatcapt=\box27
)
Package hyperref Info: Option `colorlinks' set `true' on input line 25.
(./report.aux
LaTeX Font Info:    Try loading font information for LGR+cmr on input line 20.
(/usr/share/texlive/texmf-dist/tex/latex/cbfonts-fd/lgrcmr.fd
File: lgrcmr.fd 2017/07/29 v1.2 Greek European Computer Regular
))
\openout1 = `report.aux'.

LaTeX Font Info:    Checking defaults for OML/cmm/m/it on input line 27.
LaTeX Font Info:    ... okay on input line 27.
LaTeX Font Info:    Checking defaults for T1/cmr/m/n on input line 27.
LaTeX Font Info:    ... okay on input line 27.
LaTeX Font Info:    Checking defaults for OT1/cmr/m/n on input line 27.
LaTeX Font Info:    ... okay on input line 27.
LaTeX Font Info:    Checking defaults for OMS/cmsy/m/n on input line 27.
LaTeX Font Info:    ... okay on input line 27.
LaTeX Font Info:    Checking defaults for OMX/cmex/m/n on input line 27.
LaTeX Font Info:    ... okay on input line 27.
LaTeX Font Info:    Checking defaults for U/cmr/m/n on input line 27.
LaTeX Font Info:    ... okay on input line 27.
LaTeX Font Info:    Checking defaults for LGR/cmr/m/n on input line 27.
LaTeX Font Info:    ... okay on input line 27.
LaTeX Font Info:    Checking defaults for PD1/pdf/m/n on input line 27.
LaTeX Font Info:    ... okay on input line 27.

Package utf8x.def Warning: Character(s)159 etc.gotredefinedsomewhere.
(utf8x.def)                Restoringtoitsutf8x-meaning on input line 27.

(/usr/share/texlive/texmf-dist/tex/latex/ucs/ucsencs.def
File: ucsencs.def 2011/01/21 Fixes to fontencodings LGR, T3
LGR\textpentedeka already defined.
LGR\textpenteqilioi already defined.
LGR\textpentemuria already defined.
LGR\textstigma already defined.
LGR\textqoppa already defined.
LGR\texteuro already defined.
LGR\textperthousand already defined.
LGR\textquoteleft already defined.
LGR\textquoteright already defined.
LGR\u already defined.
LGR\= already defined.
LGR\" already defined.
LGR\textpercent already defined.
LGR\textperiodcentered already defined.
LGR\' already defined.
LGR\textanoteleia already defined.
LGR\textAlpha already defined.
LGR\textBeta already defined.
LGR\textDelta already defined.
LGR\textEpsilon already defined.
LGR\textPhi already defined.
LGR\textGamma already defined.
LGR\textEta already defined.
LGR\textIota already defined.
LGR\textTheta already defined.
LGR\textKappa already defined.
LGR\textLambda already defined.
LGR\textMu already defined.
LGR\textNu already defined.
LGR\textOmicron already defined.
LGR\textPi already defined.
LGR\textChi already defined.
LGR\textRho already defined.
LGR\textSigma already defined.
LGR\textTau already defined.
LGR\textUpsilon already defined.
LGR\textOmega already defined.
LGR\textXi already defined.
LGR\textPsi already defined.
LGR\textZeta already defined.
LGR\` already defined.
LGR\textalpha already defined.
LGR\textbeta already defined.
LGR\textvarsigma already defined.
LGR\textdelta already defined.
LGR\textepsilon already defined.
LGR\textphi already defined.
LGR\textgamma already defined.
LGR\texteta already defined.
LGR\textiota already defined.
LGR\texttheta already defined.
LGR\textkappa already defined.
LGR\textlambda already defined.
LGR\textmu already defined.
LGR\textnu already defined.
LGR\textomicron already defined.
LGR\textpi already defined.
LGR\textchi already defined.
LGR\textrho already defined.
LGR\textautosigma already defined.
LGR\textsigma already defined.
LGR\texttau already defined.
LGR\textupsilon already defined.
LGR\textomega already defined.
LGR\textxi already defined.
LGR\textpsi already defined.
LGR\textzeta already defined.
LGR\guillemotleft already defined.
LGR\guillemotright already defined.
LGR\~ already defined.
LGR\textemdash already defined.
LGR\textdigamma already defined.
LGR\textDigamma already defined.
LGR\textdexiakeraia already defined.
LGR\textaristerikeraia already defined.
fontencoding LGR patched
)
Package caption Info: Begin \AtBeginDocument code.
Package caption Info: float package is loaded.
Package caption Info: hyperref package is loaded.
Package caption Info: End \AtBeginDocument code.
\AtBeginShipoutBox=\box28
Package hyperref Info: Link coloring ON on input line 27.
(/usr/share/texlive/texmf-dist/tex/latex/hyperref/nameref.sty
Package: nameref 2016/05/21 v2.44 Cross-referencing by name of section
(/usr/share/texlive/texmf-dist/tex/generic/oberdiek/gettitlestring.sty
Package: gettitlestring 2016/05/16 v1.5 Cleanup title references (HO)
)
\c@section@level=\count107
)
LaTeX Info: Redefining \ref on input line 27.
LaTeX Info: Redefining \pageref on input line 27.
LaTeX Info: Redefining \nameref on input line 27.
(./report.out) (./report.out)
\@outlinefile=\write3
\openout3 = `report.out'.

(/usr/share/texlive/texmf-dist/tex/context/base/mkii/supp-pdf.mkii
[Loading MPS to PDF converter (version 2006.09.02).]
\scratchcounter=\count108
\scratchdimen=\dimen118
\scratchbox=\box29
\nofMPsegments=\count109
\nofMParguments=\count110
\everyMPshowfont=\toks22
\MPscratchCnt=\count111
\MPscratchDim=\dimen119
\MPnumerator=\count112
\makeMPintoPDFobject=\count113
\everyMPtoPDFconversion=\toks23
) (/usr/share/texlive/texmf-dist/tex/latex/oberdiek/epstopdf-base.sty
Package: epstopdf-base 2016/05/15 v2.6 Base part for package epstopdf
(/usr/share/texlive/texmf-dist/tex/latex/oberdiek/grfext.sty
Package: grfext 2016/05/16 v1.2 Manage graphics extensions (HO)
)
Package epstopdf-base Info: Redefining graphics rule for `.eps' on input line 4
38.
Package grfext Info: Graphics extension search list:
(grfext)             [.pdf,.png,.jpg,.mps,.jpeg,.jbig2,.jb2,.PDF,.PNG,.JPG,.JPE
G,.JBIG2,.JB2,.eps]
(grfext)             \AppendGraphicsExtensions on input line 456.
(/usr/share/texlive/texmf-dist/tex/latex/latexconfig/epstopdf-sys.cfg
File: epstopdf-sys.cfg 2010/07/13 v1.3 Configuration of (r)epstopdf for TeX Liv
e
)) (/usr/share/texlive/texmf-dist/tex/latex/ucs/data/uni-3.def
File: uni-3.def 2013/05/13 UCS: Unicode data U+0300..U+03FF
)
<logo.png, id=28, 464.73625pt x 435.6275pt>
File: logo.png Graphic file (type png)
<use logo.png>
Package pdftex.def Info: logo.png  used on input line 48.
(pdftex.def)             Requested size: 195.0pt x 182.78282pt.
[1

{/var/lib/texmf/fonts/map/pdftex/updmap/pdftex.map} <./logo.png>] (./report.toc
)
\tf@toc=\write4
\openout4 = `report.toc'.

pdfTeX warning (ext4): destination with the same identifier (name{page.1}) has 
been already used, duplicate ignored
<to be read again> 
                   \relax 
l.69 \newpage
              [1]

Package hyperref Warning: Glyph not defined in PD1 encoding,
(hyperref)                removing `\textEpsilon' on input line 72.


Package hyperref Warning: Glyph not defined in PD1 encoding,
(hyperref)                removing `\textiota' on input line 72.


Package hyperref Warning: Glyph not defined in PD1 encoding,
(hyperref)                removing `\textsigma' on input line 72.


Package hyperref Warning: Glyph not defined in PD1 encoding,
(hyperref)                removing `\textalpha' on input line 72.


Package hyperref Warning: Glyph not defined in PD1 encoding,
(hyperref)                removing `\textgamma' on input line 72.


Package hyperref Warning: Glyph not defined in PD1 encoding,
(hyperref)                removing `\textomega' on input line 72.


Package hyperref Warning: Glyph not defined in PD1 encoding,
(hyperref)                removing `\textgamma' on input line 72.


Package hyperref Warning: Composite letter `\textacute+\texteta'
(hyperref)                not defined in PD1 encoding,
(hyperref)                removing `\textacute' on input line 72.


Package hyperref Warning: Glyph not defined in PD1 encoding,
(hyperref)                removing `\texteta' on input line 72.


Package hyperref Warning: Glyph not defined in PD1 encoding,
(hyperref)                removing `\textSigma' on input line 75.


Package hyperref Warning: Glyph not defined in PD1 encoding,
(hyperref)                removing `\textupsilon' on input line 75.


Package hyperref Warning: Glyph not defined in PD1 encoding,
(hyperref)                removing `\textlambda' on input line 75.


Package hyperref Warning: Glyph not defined in PD1 encoding,
(hyperref)                removing `\textlambda' on input line 75.


Package hyperref Warning: Glyph not defined in PD1 encoding,
(hyperref)                removing `\textomicron' on input line 75.


Package hyperref Warning: Glyph not defined in PD1 encoding,
(hyperref)                removing `\textgamma' on input line 75.


Package hyperref Warning: Composite letter `\textacute+\texteta'
(hyperref)                not defined in PD1 encoding,
(hyperref)                removing `\textacute' on input line 75.


Package hyperref Warning: Glyph not defined in PD1 encoding,
(hyperref)                removing `\texteta' on input line 75.


Package hyperref Warning: Glyph not defined in PD1 encoding,
(hyperref)                removing `\textDelta' on input line 75.


Package hyperref Warning: Glyph not defined in PD1 encoding,
(hyperref)                removing `\textepsilon' on input line 75.


Package hyperref Warning: Glyph not defined in PD1 encoding,
(hyperref)                removing `\textdelta' on input line 75.


Package hyperref Warning: Glyph not defined in PD1 encoding,
(hyperref)                removing `\textomicron' on input line 75.


Package hyperref Warning: Composite letter `\textacute+\textepsilon'
(hyperref)                not defined in PD1 encoding,
(hyperref)                removing `\textacute' on input line 75.


Package hyperref Warning: Glyph not defined in PD1 encoding,
(hyperref)                removing `\textepsilon' on input line 75.


Package hyperref Warning: Glyph not defined in PD1 encoding,
(hyperref)                removing `\textnu' on input line 75.


Package hyperref Warning: Glyph not defined in PD1 encoding,
(hyperref)                removing `\textomega' on input line 75.


Package hyperref Warning: Glyph not defined in PD1 encoding,
(hyperref)                removing `\textnu' on input line 75.

LaTeX Font Info:    External font `cmex10' loaded for size
(Font)              <12> on input line 76.
LaTeX Font Info:    External font `cmex10' loaded for size
(Font)              <8> on input line 76.
LaTeX Font Info:    External font `cmex10' loaded for size
(Font)              <6> on input line 76.
<Data.png, id=51, 730.73pt x 156.585pt>
File: Data.png Graphic file (type png)
<use Data.png>
Package pdftex.def Info: Data.png  used on input line 80.
(pdftex.def)             Requested size: 389.9945pt x 148.00465pt.
[2]
LaTeX Font Info:    Try loading font information for OMS+cmr on input line 86.
(/usr/share/texlive/texmf-dist/tex/latex/base/omscmr.fd
File: omscmr.fd 2014/09/29 v2.5h Standard LaTeX font definitions
)
LaTeX Font Info:    Font shape `OMS/cmr/m/n' in size <12> not available
(Font)              Font shape `OMS/cmsy/m/n' tried instead on input line 86.

LaTeX Warning: Command \textTau invalid in math mode on input line 86.


Package hyperref Warning: Glyph not defined in PD1 encoding,
(hyperref)                removing `\textAlpha' on input line 88.


Package hyperref Warning: Glyph not defined in PD1 encoding,
(hyperref)                removing `\textupsilon' on input line 88.


Package hyperref Warning: Glyph not defined in PD1 encoding,
(hyperref)                removing `\texttau' on input line 88.


Package hyperref Warning: Composite letter `\textacute+\textomicron'
(hyperref)                not defined in PD1 encoding,
(hyperref)                removing `\textacute' on input line 88.


Package hyperref Warning: Glyph not defined in PD1 encoding,
(hyperref)                removing `\textomicron' on input line 88.


Package hyperref Warning: Glyph not defined in PD1 encoding,
(hyperref)                removing `\textalpha' on input line 88.


Package hyperref Warning: Glyph not defined in PD1 encoding,
(hyperref)                removing `\texttau' on input line 88.


Package hyperref Warning: Glyph not defined in PD1 encoding,
(hyperref)                removing `\texteta' on input line 88.


Package hyperref Warning: Glyph not defined in PD1 encoding,
(hyperref)                removing `\textalpha' on input line 88.


Package hyperref Warning: Glyph not defined in PD1 encoding,
(hyperref)                removing `\texttau' on input line 88.


Package hyperref Warning: Composite letter `\textacute+\textalpha'
(hyperref)                not defined in PD1 encoding,
(hyperref)                removing `\textacute' on input line 88.


Package hyperref Warning: Glyph not defined in PD1 encoding,
(hyperref)                removing `\textalpha' on input line 88.


Package hyperref Warning: Glyph not defined in PD1 encoding,
(hyperref)                removing `\texttau' on input line 88.


Package hyperref Warning: Glyph not defined in PD1 encoding,
(hyperref)                removing `\texteta' on input line 88.


Package hyperref Warning: Glyph not defined in PD1 encoding,
(hyperref)                removing `\textsigma' on input line 88.


Package hyperref Warning: Glyph not defined in PD1 encoding,
(hyperref)                removing `\texteta' on input line 88.

[3 <./Data.png>]

Package hyperref Warning: Glyph not defined in PD1 encoding,
(hyperref)                removing `\textEpsilon' on input line 91.


Package hyperref Warning: Glyph not defined in PD1 encoding,
(hyperref)                removing `\textxi' on input line 91.


Package hyperref Warning: Glyph not defined in PD1 encoding,
(hyperref)                removing `\textalpha' on input line 91.


Package hyperref Warning: Glyph not defined in PD1 encoding,
(hyperref)                removing `\textgamma' on input line 91.


Package hyperref Warning: Glyph not defined in PD1 encoding,
(hyperref)                removing `\textomega' on input line 91.


Package hyperref Warning: Glyph not defined in PD1 encoding,
(hyperref)                removing `\textgamma' on input line 91.


Package hyperref Warning: Composite letter `\textacute+\texteta'
(hyperref)                not defined in PD1 encoding,
(hyperref)                removing `\textacute' on input line 91.


Package hyperref Warning: Glyph not defined in PD1 encoding,
(hyperref)                removing `\texteta' on input line 91.


Package hyperref Warning: Glyph not defined in PD1 encoding,
(hyperref)                removing `\textChi' on input line 91.


Package hyperref Warning: Glyph not defined in PD1 encoding,
(hyperref)                removing `\textalpha' on input line 91.


Package hyperref Warning: Glyph not defined in PD1 encoding,
(hyperref)                removing `\textrho' on input line 91.


Package hyperref Warning: Glyph not defined in PD1 encoding,
(hyperref)                removing `\textalpha' on input line 91.


Package hyperref Warning: Glyph not defined in PD1 encoding,
(hyperref)                removing `\textkappa' on input line 91.


Package hyperref Warning: Glyph not defined in PD1 encoding,
(hyperref)                removing `\texttau' on input line 91.


Package hyperref Warning: Glyph not defined in PD1 encoding,
(hyperref)                removing `\texteta' on input line 91.


Package hyperref Warning: Glyph not defined in PD1 encoding,
(hyperref)                removing `\textrho' on input line 91.


Package hyperref Warning: Glyph not defined in PD1 encoding,
(hyperref)                removing `\textiota' on input line 91.


Package hyperref Warning: Glyph not defined in PD1 encoding,
(hyperref)                removing `\textsigma' on input line 91.


Package hyperref Warning: Glyph not defined in PD1 encoding,
(hyperref)                removing `\texttau' on input line 91.


Package hyperref Warning: Glyph not defined in PD1 encoding,
(hyperref)                removing `\textiota' on input line 91.


Package hyperref Warning: Glyph not defined in PD1 encoding,
(hyperref)                removing `\textkappa' on input line 91.


Package hyperref Warning: Composite letter `\textacute+\textomega'
(hyperref)                not defined in PD1 encoding,
(hyperref)                removing `\textacute' on input line 91.


Package hyperref Warning: Glyph not defined in PD1 encoding,
(hyperref)                removing `\textomega' on input line 91.


Package hyperref Warning: Glyph not defined in PD1 encoding,
(hyperref)                removing `\textnu' on input line 91.


Package hyperref Warning: Glyph not defined in PD1 encoding,
(hyperref)                removing `\textPi' on input line 130.


Package hyperref Warning: Glyph not defined in PD1 encoding,
(hyperref)                removing `\textrho' on input line 130.


Package hyperref Warning: Glyph not defined in PD1 encoding,
(hyperref)                removing `\textomicron' on input line 130.


Package hyperref Warning: Glyph not defined in PD1 encoding,
(hyperref)                removing `\textepsilon' on input line 130.


Package hyperref Warning: Glyph not defined in PD1 encoding,
(hyperref)                removing `\textpi' on input line 130.


Package hyperref Warning: Glyph not defined in PD1 encoding,
(hyperref)                removing `\textepsilon' on input line 130.


Package hyperref Warning: Glyph not defined in PD1 encoding,
(hyperref)                removing `\textxi' on input line 130.


Package hyperref Warning: Glyph not defined in PD1 encoding,
(hyperref)                removing `\textepsilon' on input line 130.


Package hyperref Warning: Glyph not defined in PD1 encoding,
(hyperref)                removing `\textrho' on input line 130.


Package hyperref Warning: Glyph not defined in PD1 encoding,
(hyperref)                removing `\textgamma' on input line 130.


Package hyperref Warning: Glyph not defined in PD1 encoding,
(hyperref)                removing `\textalpha' on input line 130.


Package hyperref Warning: Glyph not defined in PD1 encoding,
(hyperref)                removing `\textsigma' on input line 130.


Package hyperref Warning: Composite letter `\textacute+\textiota'
(hyperref)                not defined in PD1 encoding,
(hyperref)                removing `\textacute' on input line 130.


Package hyperref Warning: Glyph not defined in PD1 encoding,
(hyperref)                removing `\textiota' on input line 130.


Package hyperref Warning: Glyph not defined in PD1 encoding,
(hyperref)                removing `\textalpha' on input line 130.


Package hyperref Warning: Glyph not defined in PD1 encoding,
(hyperref)                removing `\textChi' on input line 130.


Package hyperref Warning: Glyph not defined in PD1 encoding,
(hyperref)                removing `\textalpha' on input line 130.


Package hyperref Warning: Glyph not defined in PD1 encoding,
(hyperref)                removing `\textrho' on input line 130.


Package hyperref Warning: Glyph not defined in PD1 encoding,
(hyperref)                removing `\textalpha' on input line 130.


Package hyperref Warning: Glyph not defined in PD1 encoding,
(hyperref)                removing `\textkappa' on input line 130.


Package hyperref Warning: Glyph not defined in PD1 encoding,
(hyperref)                removing `\texttau' on input line 130.


Package hyperref Warning: Glyph not defined in PD1 encoding,
(hyperref)                removing `\texteta' on input line 130.


Package hyperref Warning: Glyph not defined in PD1 encoding,
(hyperref)                removing `\textrho' on input line 130.


Package hyperref Warning: Glyph not defined in PD1 encoding,
(hyperref)                removing `\textiota' on input line 130.


Package hyperref Warning: Glyph not defined in PD1 encoding,
(hyperref)                removing `\textsigma' on input line 130.


Package hyperref Warning: Glyph not defined in PD1 encoding,
(hyperref)                removing `\texttau' on input line 130.


Package hyperref Warning: Glyph not defined in PD1 encoding,
(hyperref)                removing `\textiota' on input line 130.


Package hyperref Warning: Glyph not defined in PD1 encoding,
(hyperref)                removing `\textkappa' on input line 130.


Package hyperref Warning: Composite letter `\textacute+\textomega'
(hyperref)                not defined in PD1 encoding,
(hyperref)                removing `\textacute' on input line 130.


Package hyperref Warning: Glyph not defined in PD1 encoding,
(hyperref)                removing `\textomega' on input line 130.


Package hyperref Warning: Glyph not defined in PD1 encoding,
(hyperref)                removing `\textnu' on input line 130.

[4]

Package hyperref Warning: Glyph not defined in PD1 encoding,
(hyperref)                removing `\textTau' on input line 133.


Package hyperref Warning: Glyph not defined in PD1 encoding,
(hyperref)                removing `\textomicron' on input line 133.


Package hyperref Warning: Glyph not defined in PD1 encoding,
(hyperref)                removing `\textomicron' on input line 133.


Package hyperref Warning: Glyph not defined in PD1 encoding,
(hyperref)                removing `\textnu' on input line 133.


Package hyperref Warning: Glyph not defined in PD1 encoding,
(hyperref)                removing `\texttau' on input line 133.


Package hyperref Warning: Composite letter `\textacute+\textepsilon'
(hyperref)                not defined in PD1 encoding,
(hyperref)                removing `\textacute' on input line 133.


Package hyperref Warning: Glyph not defined in PD1 encoding,
(hyperref)                removing `\textepsilon' on input line 133.


Package hyperref Warning: Glyph not defined in PD1 encoding,
(hyperref)                removing `\textlambda' on input line 133.


Package hyperref Warning: Glyph not defined in PD1 encoding,
(hyperref)                removing `\textomicron' on input line 133.

(./report.bbl)
Package atveryend Info: Empty hook `BeforeClearDocument' on input line 143.
[5]
Package atveryend Info: Empty hook `AfterLastShipout' on input line 143.
(./report.aux)
Package atveryend Info: Executing hook `AtVeryEndDocument' on input line 143.
Package atveryend Info: Executing hook `AtEndAfterFileList' on input line 143.
Package rerunfilecheck Info: File `report.out' has not changed.
(rerunfilecheck)             Checksum: 680D1A67017A5CA2247EB8E0D774C2D0;233.
Package atveryend Info: Empty hook `AtVeryVeryEnd' on input line 143.
 ) 
Here is how much of TeX's memory you used:
 8383 strings out of 492982
 133175 string characters out of 6134897
 216248 words of memory out of 5000000
 11822 multiletter control sequences out of 15000+600000
 12804 words of font info for 35 fonts, out of 8000000 for 9000
 1141 hyphenation exceptions out of 8191
 36i,6n,39p,2334b,646s stack positions out of 5000i,500n,10000p,200000b,80000s
</usr/share/texlive/texmf-dist/fonts/type1/public/amsfonts/cm/cmbx12.pfb></us
r/share/texlive/texmf-dist/fonts/type1/public/amsfonts/cm/cmmi12.pfb></usr/shar
e/texlive/texmf-dist/fonts/type1/public/amsfonts/cm/cmmi6.pfb></usr/share/texli
ve/texmf-dist/fonts/type1/public/amsfonts/cm/cmmi8.pfb></usr/share/texlive/texm
f-dist/fonts/type1/public/amsfonts/cm/cmr12.pfb></usr/share/texlive/texmf-dist/
fonts/type1/public/amsfonts/cm/cmr8.pfb></usr/share/texlive/texmf-dist/fonts/ty
pe1/public/amsfonts/cm/cmsy10.pfb></usr/share/texlive/texmf-dist/fonts/type1/pu
blic/amsfonts/cm/cmti12.pfb></usr/share/texlive/texmf-dist/fonts/type1/public/c
bfonts/grmn1200.pfb></usr/share/texlive/texmf-dist/fonts/type1/public/cbfonts/g
rmn1728.pfb></usr/share/texlive/texmf-dist/fonts/type1/public/cbfonts/grxn1200.
pfb></usr/share/texlive/texmf-dist/fonts/type1/public/cbfonts/grxn1728.pfb></us
r/share/texlive/texmf-dist/fonts/type1/public/cbfonts/grxn2074.pfb>
Output written on report.pdf (6 pages, 284256 bytes).
PDF statistics:
 133 PDF objects out of 1000 (max. 8388607)
 106 compressed objects within 2 object streams
 18 named destinations out of 1000 (max. 500000)
 59 words of extra memory for PDF output out of 10000 (max. 10000000)

